<?xml version="1.0" encoding="UTF-8"?>
<!-- Generated by org.testng.reporters.JUnitReportReporter -->
<testsuite hostname="DESKTOP-7P2HJVH" failures="0" tests="1" name="com.siddharthtest.runners.TestRunnerRegistryAttempt" time="25.160" errors="0" timestamp="2025-09-06T06:20:15 PDT" skipped="0">
  <testcase classname="com.siddharthtest.runners.TestRunnerRegistryAttempt" name="runScenario" time="25.160"/>
</testsuite> <!-- com.siddharthtest.runners.TestRunnerRegistryAttempt -->
