<?xml version="1.0" encoding="UTF-8"?>
<!-- Generated by org.testng.reporters.JUnitReportReporter -->
<testsuite hostname="DESKTOP-7P2HJVH" failures="0" tests="1" name="com.siddharthtest.runners.TestRunnerRecruitment" time="63.820" errors="0" timestamp="2025-09-06T06:48:59 PDT" skipped="0">
  <testcase classname="com.siddharthtest.runners.TestRunnerRecruitment" name="runScenario" time="63.820"/>
</testsuite> <!-- com.siddharthtest.runners.TestRunnerRecruitment -->
