<?xml version="1.0" encoding="UTF-8"?>
<!-- Generated by org.testng.reporters.JUnitReportReporter -->
<testsuite hostname="DESKTOP-7P2HJVH" failures="0" tests="2" name="com.siddharthtest.runners.TestRunnerPIM" time="169.972" errors="0" timestamp="2025-09-06T00:42:19 PDT" skipped="0">
  <testcase classname="com.siddharthtest.runners.TestRunnerPIM" name="scenarios" time="0.151"/>
  <testcase classname="com.siddharthtest.runners.TestRunnerPIM" name="runScenario" time="169.821"/>
</testsuite> <!-- com.siddharthtest.runners.TestRunnerPIM -->
