<?xml version="1.0" encoding="UTF-8"?>
<!-- Generated by org.testng.reporters.JUnitReportReporter -->
<testsuite hostname="DESKTOP-7P2HJVH" failures="0" tests="1" name="com.siddharthtest.runners.TestRunnerSavingMandatoryFieldsWithoutFilling" time="26.445" errors="0" timestamp="2025-09-06T06:20:15 PDT" skipped="0">
  <testcase classname="com.siddharthtest.runners.TestRunnerSavingMandatoryFieldsWithoutFilling" name="runScenario" time="26.445"/>
</testsuite> <!-- com.siddharthtest.runners.TestRunnerSavingMandatoryFieldsWithoutFilling -->
