<?xml version="1.0" encoding="UTF-8"?>
<!-- Generated by org.testng.reporters.JUnitReportReporter -->
<testsuite hostname="DESKTOP-7P2HJVH" failures="0" tests="1" name="com.siddharthtest.runners.TestRunnerPerformance" time="64.684" errors="0" timestamp="2025-09-06T06:44:06 PDT" skipped="0">
  <testcase classname="com.siddharthtest.runners.TestRunnerPerformance" name="runScenario" time="64.684"/>
</testsuite> <!-- com.siddharthtest.runners.TestRunnerPerformance -->
