<?xml version="1.0" encoding="UTF-8"?>
<!-- Generated by org.testng.reporters.JUnitReportReporter -->
<testsuite hostname="DESKTOP-7P2HJVH" failures="0" tests="19" name="com.siddharthtest.runners.TestRunnerAllFeatureByTag" time="912.268" errors="0" timestamp="2025-09-06T07:09:42 PDT" skipped="0">
  <testcase classname="com.siddharthtest.runners.TestRunnerAllFeatureByTag" name="runScenario" time="35.182"/>
  <testcase classname="com.siddharthtest.runners.TestRunnerAllFeatureByTag" name="runScenario" time="73.085"/>
  <testcase classname="com.siddharthtest.runners.TestRunnerAllFeatureByTag" name="runScenario" time="22.397"/>
  <testcase classname="com.siddharthtest.runners.TestRunnerAllFeatureByTag" name="runScenario" time="73.638"/>
  <testcase classname="com.siddharthtest.runners.TestRunnerAllFeatureByTag" name="runScenario" time="53.331"/>
  <testcase classname="com.siddharthtest.runners.TestRunnerAllFeatureByTag" name="runScenario" time="56.905"/>
  <testcase classname="com.siddharthtest.runners.TestRunnerAllFeatureByTag" name="runScenario" time="67.330"/>
  <testcase classname="com.siddharthtest.runners.TestRunnerAllFeatureByTag" name="runScenario" time="40.505"/>
  <testcase classname="com.siddharthtest.runners.TestRunnerAllFeatureByTag" name="runScenario" time="35.977"/>
  <testcase classname="com.siddharthtest.runners.TestRunnerAllFeatureByTag" name="runScenario" time="45.892"/>
  <testcase classname="com.siddharthtest.runners.TestRunnerAllFeatureByTag" name="runScenario" time="47.412"/>
  <testcase classname="com.siddharthtest.runners.TestRunnerAllFeatureByTag" name="runScenario" time="44.033"/>
  <testcase classname="com.siddharthtest.runners.TestRunnerAllFeatureByTag" name="runScenario" time="45.275"/>
  <testcase classname="com.siddharthtest.runners.TestRunnerAllFeatureByTag" name="runScenario" time="34.017"/>
  <testcase classname="com.siddharthtest.runners.TestRunnerAllFeatureByTag" name="runScenario" time="45.851"/>
  <testcase classname="com.siddharthtest.runners.TestRunnerAllFeatureByTag" name="runScenario" time="34.927"/>
  <testcase classname="com.siddharthtest.runners.TestRunnerAllFeatureByTag" name="runScenario" time="54.262"/>
  <testcase classname="com.siddharthtest.runners.TestRunnerAllFeatureByTag" name="runScenario" time="53.267"/>
  <testcase classname="com.siddharthtest.runners.TestRunnerAllFeatureByTag" name="runScenario" time="48.982"/>
</testsuite> <!-- com.siddharthtest.runners.TestRunnerAllFeatureByTag -->
