<?xml version="1.0" encoding="UTF-8"?>
<!-- Generated by org.testng.reporters.JUnitReportReporter -->
<testsuite hostname="DESKTOP-7P2HJVH" failures="0" tests="1" name="com.siddharthtest.runners.TestRunnerCreateUserbyMandatoryfields" time="36.019" errors="0" timestamp="2025-09-06T06:20:15 PDT" skipped="0">
  <testcase classname="com.siddharthtest.runners.TestRunnerCreateUserbyMandatoryfields" name="runScenario" time="36.019"/>
</testsuite> <!-- com.siddharthtest.runners.TestRunnerCreateUserbyMandatoryfields -->
