<?xml version="1.0" encoding="UTF-8"?>
<!-- Generated by org.testng.reporters.JUnitReportReporter -->
<testsuite hostname="DESKTOP-7P2HJVH" failures="0" tests="1" name="com.siddharthtest.runners.TestRunnerPIM" time="53.138" errors="0" timestamp="2025-09-06T06:47:07 PDT" skipped="0">
  <testcase classname="com.siddharthtest.runners.TestRunnerPIM" name="runScenario" time="53.138"/>
</testsuite> <!-- com.siddharthtest.runners.TestRunnerPIM -->
