<?xml version="1.0" encoding="UTF-8"?>
<!-- Generated by org.testng.reporters.JUnitReportReporter -->
<testsuite hostname="DESKTOP-7P2HJVH" failures="0" tests="2" name="com.siddharthtest.runners.TestRunnerLoginCMS" time="21.662" errors="0" timestamp="2025-06-15T06:20:43 PDT" skipped="0">
  <testcase classname="com.siddharthtest.runners.TestRunnerLoginCMS" name="runScenario" time="21.516"/>
  <testcase classname="com.siddharthtest.runners.TestRunnerLoginCMS" name="scenarios" time="0.146"/>
</testsuite> <!-- com.siddharthtest.runners.TestRunnerLoginCMS -->
