<?xml version="1.0" encoding="UTF-8"?>
<!-- Generated by org.testng.reporters.JUnitReportReporter -->
<testsuite hostname="DESKTOP-7P2HJVH" failures="0" tests="1" name="com.siddharthtest.runners.TestRunnerLeave" time="62.960" errors="0" timestamp="2025-09-06T06:40:11 PDT" skipped="0">
  <testcase classname="com.siddharthtest.runners.TestRunnerLeave" name="runScenario" time="62.960"/>
</testsuite> <!-- com.siddharthtest.runners.TestRunnerLeave -->
