<?xml version="1.0" encoding="UTF-8"?>
<!-- Generated by org.testng.reporters.JUnitReportReporter -->
<testsuite hostname="DESKTOP-7P2HJVH" failures="0" tests="1" name="com.siddharthtest.runners.TestRunnerMyInfo" time="43.789" errors="0" timestamp="2025-09-06T06:35:36 PDT" skipped="0">
  <testcase classname="com.siddharthtest.runners.TestRunnerMyInfo" name="runScenario" time="43.789"/>
</testsuite> <!-- com.siddharthtest.runners.TestRunnerMyInfo -->
